This file contains any messages produced by compilers while
running configure, to aid debugging if configure makes a mistake.

It was created by librysq configure 0.1, which was
generated by GNU Autoconf 2.64.  Invocation command line was

  $ ./configure --disable-option-checking --prefix=/home/mike/libqc --with-gamess --with-integer8 --with-boost=/opt/boost CXX=g++ CXXFLAGS=-O2 -DNDEBUG -msse3 -ffast-math -ftree-vectorize --cache-file=/dev/null --srcdir=.

## --------- ##
## Platform. ##
## --------- ##

hostname = dynamo.iprt.iastate.edu
uname -m = x86_64
uname -r = 2.6.18-92.el5
uname -s = Linux
uname -v = #1 SMP Tue Apr 29 13:16:15 EDT 2008

/usr/bin/uname -p = unknown
/bin/uname -X     = unknown

/bin/arch              = x86_64
/usr/bin/arch -k       = unknown
/usr/convex/getsysinfo = unknown
/usr/bin/hostinfo      = unknown
/bin/machine           = unknown
/usr/bin/oslevel       = unknown
/bin/universe          = unknown

PATH: .
PATH: /bin
PATH: /usr/bin
PATH: /usr/local/bin
PATH: /opt/intel/fce/10.1.018/bin
PATH: /opt/intel/idbe/10.1.018/bin
PATH: /opt/intel/cce/10.1.018/bin
PATH: /usr/local/cuda/bin
PATH: /opt/gridengine/bin/lx26-amd64
PATH: /usr/kerberos/bin
PATH: /usr/java/latest/bin
PATH: /opt/eclipse
PATH: /opt/ganglia/bin
PATH: /opt/ganglia/sbin
PATH: /opt/maven/bin
PATH: /opt/rocks/bin
PATH: /opt/rocks/sbin


## ----------- ##
## Core tests. ##
## ----------- ##

configure:2732: checking for a BSD-compatible install
configure:2800: result: /usr/bin/install -c
configure:2811: checking whether build environment is sane
configure:2861: result: yes
configure:3002: checking for a thread-safe mkdir -p
configure:3041: result: /bin/mkdir -p
configure:3054: checking for gawk
configure:3070: found /bin/gawk
configure:3081: result: gawk
configure:3092: checking whether make sets $(MAKE)
configure:3114: result: yes
configure:3226: checking build system type
configure:3240: result: x86_64-unknown-linux-gnu
configure:3260: checking host system type
configure:3273: result: x86_64-unknown-linux-gnu
configure:3305: checking for style of include used by make
configure:3333: result: GNU
configure:3403: checking for gcc
configure:3419: found /usr/bin/gcc
configure:3430: result: gcc
configure:3659: checking for C compiler version
configure:3668: gcc --version >&5
gcc (GCC) 4.1.2 20080704 (Red Hat 4.1.2-48)
Copyright (C) 2006 Free Software Foundation, Inc.
This is free software; see the source for copying conditions.  There is NO
warranty; not even for MERCHANTABILITY or FITNESS FOR A PARTICULAR PURPOSE.

configure:3679: $? = 0
configure:3668: gcc -v >&5
Using built-in specs.
Target: x86_64-redhat-linux
Configured with: ../configure --prefix=/usr --mandir=/usr/share/man --infodir=/usr/share/info --enable-shared --enable-threads=posix --enable-checking=release --with-system-zlib --enable-__cxa_atexit --disable-libunwind-exceptions --enable-libgcj-multifile --enable-languages=c,c++,objc,obj-c++,java,fortran,ada --enable-java-awt=gtk --disable-dssi --enable-plugin --with-java-home=/usr/lib/jvm/java-1.4.2-gcj-1.4.2.0/jre --with-cpu=generic --host=x86_64-redhat-linux
Thread model: posix
gcc version 4.1.2 20080704 (Red Hat 4.1.2-48)
configure:3679: $? = 0
configure:3668: gcc -V >&5
gcc: '-V' option must have argument
configure:3679: $? = 1
configure:3668: gcc -qversion >&5
gcc: unrecognized option '-qversion'
gcc: no input files
configure:3679: $? = 1
configure:3701: checking for C compiler default output file name
configure:3723: gcc    -L/lib conftest.c  >&5
configure:3727: $? = 0
configure:3764: result: a.out
configure:3780: checking whether the C compiler works
configure:3789: ./a.out
configure:3793: $? = 0
configure:3808: result: yes
configure:3815: checking whether we are cross compiling
configure:3817: result: no
configure:3820: checking for suffix of executables
configure:3827: gcc -o conftest    -L/lib conftest.c  >&5
configure:3831: $? = 0
configure:3853: result: 
configure:3859: checking for suffix of object files
configure:3881: gcc -c   conftest.c >&5
configure:3885: $? = 0
configure:3906: result: o
configure:3910: checking whether we are using the GNU C compiler
configure:3929: gcc -c   conftest.c >&5
configure:3929: $? = 0
configure:3938: result: yes
configure:3947: checking whether gcc accepts -g
configure:3967: gcc -c -g  conftest.c >&5
configure:3967: $? = 0
configure:4008: result: yes
configure:4025: checking for gcc option to accept ISO C89
configure:4089: gcc  -c -g -O2  conftest.c >&5
configure:4089: $? = 0
configure:4102: result: none needed
configure:4124: checking dependency style of gcc
configure:4234: result: gcc3
configure:4249: checking for a sed that does not truncate output
configure:4313: result: /bin/sed
configure:4331: checking for grep that handles long lines and -e
configure:4389: result: /bin/grep
configure:4394: checking for egrep
configure:4456: result: /bin/grep -E
configure:4461: checking for fgrep
configure:4523: result: /bin/grep -F
configure:4558: checking for ld used by gcc
configure:4625: result: /usr/bin/ld
configure:4632: checking if the linker (/usr/bin/ld) is GNU ld
configure:4647: result: yes
configure:4659: checking for BSD- or MS-compatible name lister (nm)
configure:4708: result: /usr/bin/nm -B
configure:4826: checking the name lister (/usr/bin/nm -B) interface
configure:4833: gcc -c -g -O2  conftest.c >&5
configure:4836: /usr/bin/nm -B "conftest.o"
configure:4839: output
0000000000000000 B some_variable
configure:4846: result: BSD nm
configure:4849: checking whether ln -s works
configure:4853: result: yes
configure:4861: checking the maximum length of command line arguments
configure:4981: result: 98304
configure:4998: checking whether the shell understands some XSI constructs
configure:5008: result: yes
configure:5012: checking whether the shell understands "+="
configure:5018: result: yes
configure:5053: checking for /usr/bin/ld option to reload object files
configure:5060: result: -r
configure:5129: checking for objdump
configure:5145: found /usr/bin/objdump
configure:5156: result: objdump
configure:5188: checking how to recognize dependent libraries
configure:5384: result: pass_all
configure:5444: checking for ar
configure:5460: found /usr/bin/ar
configure:5471: result: ar
configure:5549: checking for strip
configure:5565: found /usr/bin/strip
configure:5576: result: strip
configure:5648: checking for ranlib
configure:5664: found /usr/bin/ranlib
configure:5675: result: ranlib
configure:5765: checking command to parse /usr/bin/nm -B output from gcc object
configure:5883: gcc -c -g -O2  conftest.c >&5
configure:5886: $? = 0
configure:5890: /usr/bin/nm -B conftest.o \| sed -n -e 's/^.*[	 ]\([ABCDGIRSTW][ABCDGIRSTW]*\)[	 ][	 ]*\([_A-Za-z][_A-Za-z0-9]*\)$/\1 \2 \2/p' \> conftest.nm
configure:5893: $? = 0
configure:5947: gcc -o conftest -g -O2   -L/lib conftest.c conftstm.o >&5
configure:5950: $? = 0
configure:5988: result: ok
configure:6084: gcc -c -g -O2  conftest.c >&5
configure:6087: $? = 0
configure:6797: checking how to run the C preprocessor
configure:6828: gcc -E  conftest.c
configure:6828: $? = 0
configure:6842: gcc -E  conftest.c
conftest.c:11:28: error: ac_nonexistent.h: No such file or directory
configure:6842: $? = 1
configure: failed program was:
| /* confdefs.h */
| #define PACKAGE_NAME "librysq"
| #define PACKAGE_TARNAME "librysq"
| #define PACKAGE_VERSION "0.1"
| #define PACKAGE_STRING "librysq 0.1"
| #define PACKAGE_BUGREPORT "BUG-REPORT-ADDRESS"
| #define PACKAGE_URL ""
| #define PACKAGE "librysq"
| #define VERSION "0.1"
| /* end confdefs.h.  */
| #include <ac_nonexistent.h>
configure:6867: result: gcc -E
configure:6887: gcc -E  conftest.c
configure:6887: $? = 0
configure:6901: gcc -E  conftest.c
conftest.c:11:28: error: ac_nonexistent.h: No such file or directory
configure:6901: $? = 1
configure: failed program was:
| /* confdefs.h */
| #define PACKAGE_NAME "librysq"
| #define PACKAGE_TARNAME "librysq"
| #define PACKAGE_VERSION "0.1"
| #define PACKAGE_STRING "librysq 0.1"
| #define PACKAGE_BUGREPORT "BUG-REPORT-ADDRESS"
| #define PACKAGE_URL ""
| #define PACKAGE "librysq"
| #define VERSION "0.1"
| /* end confdefs.h.  */
| #include <ac_nonexistent.h>
configure:6930: checking for ANSI C header files
configure:6950: gcc -c -g -O2  conftest.c >&5
configure:6950: $? = 0
configure:7023: gcc -o conftest -g -O2   -L/lib conftest.c  >&5
configure:7023: $? = 0
configure:7023: ./conftest
configure:7023: $? = 0
configure:7034: result: yes
configure:7047: checking for sys/types.h
configure:7047: gcc -c -g -O2  conftest.c >&5
configure:7047: $? = 0
configure:7047: result: yes
configure:7047: checking for sys/stat.h
configure:7047: gcc -c -g -O2  conftest.c >&5
configure:7047: $? = 0
configure:7047: result: yes
configure:7047: checking for stdlib.h
configure:7047: gcc -c -g -O2  conftest.c >&5
configure:7047: $? = 0
configure:7047: result: yes
configure:7047: checking for string.h
configure:7047: gcc -c -g -O2  conftest.c >&5
configure:7047: $? = 0
configure:7047: result: yes
configure:7047: checking for memory.h
configure:7047: gcc -c -g -O2  conftest.c >&5
configure:7047: $? = 0
configure:7047: result: yes
configure:7047: checking for strings.h
configure:7047: gcc -c -g -O2  conftest.c >&5
configure:7047: $? = 0
configure:7047: result: yes
configure:7047: checking for inttypes.h
configure:7047: gcc -c -g -O2  conftest.c >&5
configure:7047: $? = 0
configure:7047: result: yes
configure:7047: checking for stdint.h
configure:7047: gcc -c -g -O2  conftest.c >&5
configure:7047: $? = 0
configure:7047: result: yes
configure:7047: checking for unistd.h
configure:7047: gcc -c -g -O2  conftest.c >&5
configure:7047: $? = 0
configure:7047: result: yes
configure:7062: checking for dlfcn.h
configure:7062: gcc -c -g -O2  conftest.c >&5
configure:7062: $? = 0
configure:7062: result: yes
configure:7245: checking for objdir
configure:7260: result: .libs
configure:7556: checking if gcc supports -fno-rtti -fno-exceptions
configure:7574: gcc -c -g -O2  -fno-rtti -fno-exceptions conftest.c >&5
cc1: warning: command line option "-fno-rtti" is valid for C++/ObjC++ but not for C
configure:7578: $? = 0
configure:7591: result: no
configure:7611: checking for gcc option to produce PIC
configure:7889: result: -fPIC -DPIC
configure:7901: checking if gcc PIC flag -fPIC -DPIC works
configure:7919: gcc -c -g -O2  -fPIC -DPIC -DPIC conftest.c >&5
configure:7923: $? = 0
configure:7936: result: yes
configure:7960: checking if gcc static flag -static works
configure:7988: result: yes
configure:8003: checking if gcc supports -c -o file.o
configure:8024: gcc -c -g -O2  -o out/conftest2.o conftest.c >&5
configure:8028: $? = 0
configure:8050: result: yes
configure:8058: checking if gcc supports -c -o file.o
configure:8105: result: yes
configure:8138: checking whether the gcc linker (/usr/bin/ld -m elf_x86_64) supports shared libraries
configure:9124: result: yes
configure:9363: checking dynamic linker characteristics
configure:9796: gcc -o conftest -g -O2   -L/lib -Wl,-rpath -Wl,/foo conftest.c  >&5
configure:9796: $? = 0
configure:10014: result: GNU/Linux ld.so
configure:10116: checking how to hardcode library paths into programs
configure:10141: result: immediate
configure:10661: checking whether stripping libraries is possible
configure:10666: result: yes
configure:10701: checking if libtool supports shared libraries
configure:10703: result: yes
configure:10706: checking whether to build shared libraries
configure:10727: result: no
configure:10730: checking whether to build static libraries
configure:10734: result: yes
configure:10859: checking for gcc
configure:10886: result: gcc
configure:11115: checking for C compiler version
configure:11124: gcc --version >&5
gcc (GCC) 4.1.2 20080704 (Red Hat 4.1.2-48)
Copyright (C) 2006 Free Software Foundation, Inc.
This is free software; see the source for copying conditions.  There is NO
warranty; not even for MERCHANTABILITY or FITNESS FOR A PARTICULAR PURPOSE.

configure:11135: $? = 0
configure:11124: gcc -v >&5
Using built-in specs.
Target: x86_64-redhat-linux
Configured with: ../configure --prefix=/usr --mandir=/usr/share/man --infodir=/usr/share/info --enable-shared --enable-threads=posix --enable-checking=release --with-system-zlib --enable-__cxa_atexit --disable-libunwind-exceptions --enable-libgcj-multifile --enable-languages=c,c++,objc,obj-c++,java,fortran,ada --enable-java-awt=gtk --disable-dssi --enable-plugin --with-java-home=/usr/lib/jvm/java-1.4.2-gcj-1.4.2.0/jre --with-cpu=generic --host=x86_64-redhat-linux
Thread model: posix
gcc version 4.1.2 20080704 (Red Hat 4.1.2-48)
configure:11135: $? = 0
configure:11124: gcc -V >&5
gcc: '-V' option must have argument
configure:11135: $? = 1
configure:11124: gcc -qversion >&5
gcc: unrecognized option '-qversion'
gcc: no input files
configure:11135: $? = 1
configure:11139: checking whether we are using the GNU C compiler
configure:11167: result: yes
configure:11176: checking whether gcc accepts -g
configure:11237: result: yes
configure:11254: checking for gcc option to accept ISO C89
configure:11331: result: none needed
configure:11353: checking dependency style of gcc
configure:11463: result: gcc3
configure:11483: checking how to run the C preprocessor
configure:11553: result: gcc -E
configure:11573: gcc -E  conftest.c
configure:11573: $? = 0
configure:11587: gcc -E  conftest.c
conftest.c:23:28: error: ac_nonexistent.h: No such file or directory
configure:11587: $? = 1
configure: failed program was:
| /* confdefs.h */
| #define PACKAGE_NAME "librysq"
| #define PACKAGE_TARNAME "librysq"
| #define PACKAGE_VERSION "0.1"
| #define PACKAGE_STRING "librysq 0.1"
| #define PACKAGE_BUGREPORT "BUG-REPORT-ADDRESS"
| #define PACKAGE_URL ""
| #define PACKAGE "librysq"
| #define VERSION "0.1"
| #define STDC_HEADERS 1
| #define HAVE_SYS_TYPES_H 1
| #define HAVE_SYS_STAT_H 1
| #define HAVE_STDLIB_H 1
| #define HAVE_STRING_H 1
| #define HAVE_MEMORY_H 1
| #define HAVE_STRINGS_H 1
| #define HAVE_INTTYPES_H 1
| #define HAVE_STDINT_H 1
| #define HAVE_UNISTD_H 1
| #define HAVE_DLFCN_H 1
| #define LT_OBJDIR ".libs/"
| /* end confdefs.h.  */
| #include <ac_nonexistent.h>
configure:11727: checking for C++ compiler version
configure:11736: g++ --version >&5
g++ (GCC) 4.1.2 20080704 (Red Hat 4.1.2-48)
Copyright (C) 2006 Free Software Foundation, Inc.
This is free software; see the source for copying conditions.  There is NO
warranty; not even for MERCHANTABILITY or FITNESS FOR A PARTICULAR PURPOSE.

configure:11747: $? = 0
configure:11736: g++ -v >&5
Using built-in specs.
Target: x86_64-redhat-linux
Configured with: ../configure --prefix=/usr --mandir=/usr/share/man --infodir=/usr/share/info --enable-shared --enable-threads=posix --enable-checking=release --with-system-zlib --enable-__cxa_atexit --disable-libunwind-exceptions --enable-libgcj-multifile --enable-languages=c,c++,objc,obj-c++,java,fortran,ada --enable-java-awt=gtk --disable-dssi --enable-plugin --with-java-home=/usr/lib/jvm/java-1.4.2-gcj-1.4.2.0/jre --with-cpu=generic --host=x86_64-redhat-linux
Thread model: posix
gcc version 4.1.2 20080704 (Red Hat 4.1.2-48)
configure:11747: $? = 0
configure:11736: g++ -V >&5
g++: '-V' option must have argument
configure:11747: $? = 1
configure:11736: g++ -qversion >&5
g++: unrecognized option '-qversion'
g++: no input files
configure:11747: $? = 1
configure:11751: checking whether we are using the GNU C++ compiler
configure:11770: g++ -c -O2 -DNDEBUG -msse3 -ffast-math -ftree-vectorize  conftest.cpp >&5
configure:11770: $? = 0
configure:11779: result: yes
configure:11788: checking whether g++ accepts -g
configure:11808: g++ -c -g  conftest.cpp >&5
configure:11808: $? = 0
configure:11849: result: yes
configure:11874: checking dependency style of g++
configure:11984: result: gcc3
configure:12112: checking for C++ compiler version
configure:12121: g++ --version >&5
g++ (GCC) 4.1.2 20080704 (Red Hat 4.1.2-48)
Copyright (C) 2006 Free Software Foundation, Inc.
This is free software; see the source for copying conditions.  There is NO
warranty; not even for MERCHANTABILITY or FITNESS FOR A PARTICULAR PURPOSE.

configure:12132: $? = 0
configure:12121: g++ -v >&5
Using built-in specs.
Target: x86_64-redhat-linux
Configured with: ../configure --prefix=/usr --mandir=/usr/share/man --infodir=/usr/share/info --enable-shared --enable-threads=posix --enable-checking=release --with-system-zlib --enable-__cxa_atexit --disable-libunwind-exceptions --enable-libgcj-multifile --enable-languages=c,c++,objc,obj-c++,java,fortran,ada --enable-java-awt=gtk --disable-dssi --enable-plugin --with-java-home=/usr/lib/jvm/java-1.4.2-gcj-1.4.2.0/jre --with-cpu=generic --host=x86_64-redhat-linux
Thread model: posix
gcc version 4.1.2 20080704 (Red Hat 4.1.2-48)
configure:12132: $? = 0
configure:12121: g++ -V >&5
g++: '-V' option must have argument
configure:12132: $? = 1
configure:12121: g++ -qversion >&5
g++: unrecognized option '-qversion'
g++: no input files
configure:12132: $? = 1
configure:12136: checking whether we are using the GNU C++ compiler
configure:12164: result: yes
configure:12173: checking whether g++ accepts -g
configure:12234: result: yes
configure:12259: checking dependency style of g++
configure:12369: result: gcc3
configure:12392: checking how to run the C++ preprocessor
configure:12419: g++ -E  conftest.cpp
configure:12419: $? = 0
configure:12433: g++ -E  conftest.cpp
conftest.cpp:23:28: error: ac_nonexistent.h: No such file or directory
configure:12433: $? = 1
configure: failed program was:
| /* confdefs.h */
| #define PACKAGE_NAME "librysq"
| #define PACKAGE_TARNAME "librysq"
| #define PACKAGE_VERSION "0.1"
| #define PACKAGE_STRING "librysq 0.1"
| #define PACKAGE_BUGREPORT "BUG-REPORT-ADDRESS"
| #define PACKAGE_URL ""
| #define PACKAGE "librysq"
| #define VERSION "0.1"
| #define STDC_HEADERS 1
| #define HAVE_SYS_TYPES_H 1
| #define HAVE_SYS_STAT_H 1
| #define HAVE_STDLIB_H 1
| #define HAVE_STRING_H 1
| #define HAVE_MEMORY_H 1
| #define HAVE_STRINGS_H 1
| #define HAVE_INTTYPES_H 1
| #define HAVE_STDINT_H 1
| #define HAVE_UNISTD_H 1
| #define HAVE_DLFCN_H 1
| #define LT_OBJDIR ".libs/"
| /* end confdefs.h.  */
| #include <ac_nonexistent.h>
configure:12458: result: g++ -E
configure:12478: g++ -E  conftest.cpp
configure:12478: $? = 0
configure:12492: g++ -E  conftest.cpp
conftest.cpp:23:28: error: ac_nonexistent.h: No such file or directory
configure:12492: $? = 1
configure: failed program was:
| /* confdefs.h */
| #define PACKAGE_NAME "librysq"
| #define PACKAGE_TARNAME "librysq"
| #define PACKAGE_VERSION "0.1"
| #define PACKAGE_STRING "librysq 0.1"
| #define PACKAGE_BUGREPORT "BUG-REPORT-ADDRESS"
| #define PACKAGE_URL ""
| #define PACKAGE "librysq"
| #define VERSION "0.1"
| #define STDC_HEADERS 1
| #define HAVE_SYS_TYPES_H 1
| #define HAVE_SYS_STAT_H 1
| #define HAVE_STDLIB_H 1
| #define HAVE_STRING_H 1
| #define HAVE_MEMORY_H 1
| #define HAVE_STRINGS_H 1
| #define HAVE_INTTYPES_H 1
| #define HAVE_STDINT_H 1
| #define HAVE_UNISTD_H 1
| #define HAVE_DLFCN_H 1
| #define LT_OBJDIR ".libs/"
| /* end confdefs.h.  */
| #include <ac_nonexistent.h>
configure:12660: checking for ld used by g++
configure:12727: result: /usr/bin/ld -m elf_x86_64
configure:12734: checking if the linker (/usr/bin/ld -m elf_x86_64) is GNU ld
configure:12749: result: yes
configure:12804: checking whether the g++ linker (/usr/bin/ld -m elf_x86_64) supports shared libraries
configure:13717: result: yes
configure:13745: g++ -c -O2 -DNDEBUG -msse3 -ffast-math -ftree-vectorize  conftest.cpp >&5
configure:13748: $? = 0
configure:13930: checking for g++ option to produce PIC
configure:14247: result: -fPIC -DPIC
configure:14256: checking if g++ PIC flag -fPIC -DPIC works
configure:14274: g++ -c -O2 -DNDEBUG -msse3 -ffast-math -ftree-vectorize  -fPIC -DPIC -DPIC conftest.cpp >&5
configure:14278: $? = 0
configure:14291: result: yes
configure:14312: checking if g++ static flag -static works
configure:14340: result: yes
configure:14352: checking if g++ supports -c -o file.o
configure:14373: g++ -c -O2 -DNDEBUG -msse3 -ffast-math -ftree-vectorize  -o out/conftest2.o conftest.cpp >&5
configure:14377: $? = 0
configure:14399: result: yes
configure:14404: checking if g++ supports -c -o file.o
configure:14451: result: yes
configure:14481: checking whether the g++ linker (/usr/bin/ld -m elf_x86_64) supports shared libraries
configure:14507: result: yes
configure:14644: checking dynamic linker characteristics
configure:15025: g++ -o conftest -O2 -DNDEBUG -msse3 -ffast-math -ftree-vectorize   -L/lib -Wl,-rpath -Wl,/foo conftest.cpp  >&5
configure:15025: $? = 0
configure:15243: result: GNU/Linux ld.so
configure:15294: checking how to hardcode library paths into programs
configure:15319: result: immediate
configure:15363: checking how to run the C++ preprocessor
configure:15429: result: g++ -E
configure:15449: g++ -E  conftest.cpp
configure:15449: $? = 0
configure:15463: g++ -E  conftest.cpp
conftest.cpp:23:28: error: ac_nonexistent.h: No such file or directory
configure:15463: $? = 1
configure: failed program was:
| /* confdefs.h */
| #define PACKAGE_NAME "librysq"
| #define PACKAGE_TARNAME "librysq"
| #define PACKAGE_VERSION "0.1"
| #define PACKAGE_STRING "librysq 0.1"
| #define PACKAGE_BUGREPORT "BUG-REPORT-ADDRESS"
| #define PACKAGE_URL ""
| #define PACKAGE "librysq"
| #define VERSION "0.1"
| #define STDC_HEADERS 1
| #define HAVE_SYS_TYPES_H 1
| #define HAVE_SYS_STAT_H 1
| #define HAVE_STDLIB_H 1
| #define HAVE_STRING_H 1
| #define HAVE_MEMORY_H 1
| #define HAVE_STRINGS_H 1
| #define HAVE_INTTYPES_H 1
| #define HAVE_STDINT_H 1
| #define HAVE_UNISTD_H 1
| #define HAVE_DLFCN_H 1
| #define LT_OBJDIR ".libs/"
| /* end confdefs.h.  */
| #include <ac_nonexistent.h>
configure:15495: checking for cheetah
configure:15511: found /usr/bin/cheetah
configure:15522: result: cheetah
configure:15543: checking for ANSI C header files
configure:15647: result: yes
configure:15658: checking for stdint.h
configure:15658: result: yes
configure:15658: checking for stdlib.h
configure:15658: result: yes
configure:15658: checking sys/time.h usability
configure:15658: gcc -c -g -O2  conftest.c >&5
configure:15658: $? = 0
configure:15658: result: yes
configure:15658: checking sys/time.h presence
configure:15658: gcc -E  conftest.c
configure:15658: $? = 0
configure:15658: result: yes
configure:15658: checking for sys/time.h
configure:15658: result: yes
configure:15671: checking for stdbool.h that conforms to C99
configure:15756: gcc -c -g -O2  conftest.c >&5
configure:15756: $? = 0
configure:15763: result: yes
configure:15765: checking for _Bool
configure:15765: gcc -c -g -O2  conftest.c >&5
configure:15765: $? = 0
configure:15765: gcc -c -g -O2  conftest.c >&5
conftest.c: In function 'main':
conftest.c:63: error: expected expression before ')' token
configure:15765: $? = 1
configure: failed program was:
| /* confdefs.h */
| #define PACKAGE_NAME "librysq"
| #define PACKAGE_TARNAME "librysq"
| #define PACKAGE_VERSION "0.1"
| #define PACKAGE_STRING "librysq 0.1"
| #define PACKAGE_BUGREPORT "BUG-REPORT-ADDRESS"
| #define PACKAGE_URL ""
| #define PACKAGE "librysq"
| #define VERSION "0.1"
| #define STDC_HEADERS 1
| #define HAVE_SYS_TYPES_H 1
| #define HAVE_SYS_STAT_H 1
| #define HAVE_STDLIB_H 1
| #define HAVE_STRING_H 1
| #define HAVE_MEMORY_H 1
| #define HAVE_STRINGS_H 1
| #define HAVE_INTTYPES_H 1
| #define HAVE_STDINT_H 1
| #define HAVE_UNISTD_H 1
| #define HAVE_DLFCN_H 1
| #define LT_OBJDIR ".libs/"
| #define STDC_HEADERS 1
| #define HAVE_STDINT_H 1
| #define HAVE_STDLIB_H 1
| #define HAVE_SYS_TIME_H 1
| /* end confdefs.h.  */
| #include <stdio.h>
| #ifdef HAVE_SYS_TYPES_H
| # include <sys/types.h>
| #endif
| #ifdef HAVE_SYS_STAT_H
| # include <sys/stat.h>
| #endif
| #ifdef STDC_HEADERS
| # include <stdlib.h>
| # include <stddef.h>
| #else
| # ifdef HAVE_STDLIB_H
| #  include <stdlib.h>
| # endif
| #endif
| #ifdef HAVE_STRING_H
| # if !defined STDC_HEADERS && defined HAVE_MEMORY_H
| #  include <memory.h>
| # endif
| # include <string.h>
| #endif
| #ifdef HAVE_STRINGS_H
| # include <strings.h>
| #endif
| #ifdef HAVE_INTTYPES_H
| # include <inttypes.h>
| #endif
| #ifdef HAVE_STDINT_H
| # include <stdint.h>
| #endif
| #ifdef HAVE_UNISTD_H
| # include <unistd.h>
| #endif
| int
| main ()
| {
| if (sizeof ((_Bool)))
| 	    return 0;
|   ;
|   return 0;
| }
configure:15765: result: yes
configure:15781: checking for an ANSI C-conforming const
configure:15846: gcc -c -g -O2  conftest.c >&5
configure:15846: $? = 0
configure:15853: result: yes
configure:15861: checking for inline
configure:15877: gcc -c -g -O2  conftest.c >&5
configure:15877: $? = 0
configure:15885: result: inline
configure:15903: checking for int8_t
configure:15903: gcc -c -g -O2  conftest.c >&5
configure:15903: $? = 0
configure:15903: gcc -c -g -O2  conftest.c >&5
conftest.c: In function 'main':
conftest.c:66: error: size of array 'test_array' is negative
configure:15903: $? = 1
configure: failed program was:
| /* confdefs.h */
| #define PACKAGE_NAME "librysq"
| #define PACKAGE_TARNAME "librysq"
| #define PACKAGE_VERSION "0.1"
| #define PACKAGE_STRING "librysq 0.1"
| #define PACKAGE_BUGREPORT "BUG-REPORT-ADDRESS"
| #define PACKAGE_URL ""
| #define PACKAGE "librysq"
| #define VERSION "0.1"
| #define STDC_HEADERS 1
| #define HAVE_SYS_TYPES_H 1
| #define HAVE_SYS_STAT_H 1
| #define HAVE_STDLIB_H 1
| #define HAVE_STRING_H 1
| #define HAVE_MEMORY_H 1
| #define HAVE_STRINGS_H 1
| #define HAVE_INTTYPES_H 1
| #define HAVE_STDINT_H 1
| #define HAVE_UNISTD_H 1
| #define HAVE_DLFCN_H 1
| #define LT_OBJDIR ".libs/"
| #define STDC_HEADERS 1
| #define HAVE_STDINT_H 1
| #define HAVE_STDLIB_H 1
| #define HAVE_SYS_TIME_H 1
| #define HAVE__BOOL 1
| #define HAVE_STDBOOL_H 1
| /* end confdefs.h.  */
| #include <stdio.h>
| #ifdef HAVE_SYS_TYPES_H
| # include <sys/types.h>
| #endif
| #ifdef HAVE_SYS_STAT_H
| # include <sys/stat.h>
| #endif
| #ifdef STDC_HEADERS
| # include <stdlib.h>
| # include <stddef.h>
| #else
| # ifdef HAVE_STDLIB_H
| #  include <stdlib.h>
| # endif
| #endif
| #ifdef HAVE_STRING_H
| # if !defined STDC_HEADERS && defined HAVE_MEMORY_H
| #  include <memory.h>
| # endif
| # include <string.h>
| #endif
| #ifdef HAVE_STRINGS_H
| # include <strings.h>
| #endif
| #ifdef HAVE_INTTYPES_H
| # include <inttypes.h>
| #endif
| #ifdef HAVE_STDINT_H
| # include <stdint.h>
| #endif
| #ifdef HAVE_UNISTD_H
| # include <unistd.h>
| #endif
| int
| main ()
| {
| static int test_array [1 - 2 * !((int8_t) ((((int8_t) 1 << (8 - 2)) - 1) * 2 + 1)
| 		 < (int8_t) ((((int8_t) 1 << (8 - 2)) - 1) * 2 + 2))];
| test_array [0] = 0
| 
|   ;
|   return 0;
| }
configure:15903: result: yes
configure:15914: checking for size_t
configure:15914: gcc -c -g -O2  conftest.c >&5
configure:15914: $? = 0
configure:15914: gcc -c -g -O2  conftest.c >&5
conftest.c: In function 'main':
conftest.c:65: error: expected expression before ')' token
configure:15914: $? = 1
configure: failed program was:
| /* confdefs.h */
| #define PACKAGE_NAME "librysq"
| #define PACKAGE_TARNAME "librysq"
| #define PACKAGE_VERSION "0.1"
| #define PACKAGE_STRING "librysq 0.1"
| #define PACKAGE_BUGREPORT "BUG-REPORT-ADDRESS"
| #define PACKAGE_URL ""
| #define PACKAGE "librysq"
| #define VERSION "0.1"
| #define STDC_HEADERS 1
| #define HAVE_SYS_TYPES_H 1
| #define HAVE_SYS_STAT_H 1
| #define HAVE_STDLIB_H 1
| #define HAVE_STRING_H 1
| #define HAVE_MEMORY_H 1
| #define HAVE_STRINGS_H 1
| #define HAVE_INTTYPES_H 1
| #define HAVE_STDINT_H 1
| #define HAVE_UNISTD_H 1
| #define HAVE_DLFCN_H 1
| #define LT_OBJDIR ".libs/"
| #define STDC_HEADERS 1
| #define HAVE_STDINT_H 1
| #define HAVE_STDLIB_H 1
| #define HAVE_SYS_TIME_H 1
| #define HAVE__BOOL 1
| #define HAVE_STDBOOL_H 1
| /* end confdefs.h.  */
| #include <stdio.h>
| #ifdef HAVE_SYS_TYPES_H
| # include <sys/types.h>
| #endif
| #ifdef HAVE_SYS_STAT_H
| # include <sys/stat.h>
| #endif
| #ifdef STDC_HEADERS
| # include <stdlib.h>
| # include <stddef.h>
| #else
| # ifdef HAVE_STDLIB_H
| #  include <stdlib.h>
| # endif
| #endif
| #ifdef HAVE_STRING_H
| # if !defined STDC_HEADERS && defined HAVE_MEMORY_H
| #  include <memory.h>
| # endif
| # include <string.h>
| #endif
| #ifdef HAVE_STRINGS_H
| # include <strings.h>
| #endif
| #ifdef HAVE_INTTYPES_H
| # include <inttypes.h>
| #endif
| #ifdef HAVE_STDINT_H
| # include <stdint.h>
| #endif
| #ifdef HAVE_UNISTD_H
| # include <unistd.h>
| #endif
| int
| main ()
| {
| if (sizeof ((size_t)))
| 	    return 0;
|   ;
|   return 0;
| }
configure:15914: result: yes
configure:15925: checking whether time.h and sys/time.h may both be included
configure:15945: gcc -c -g -O2  conftest.c >&5
configure:15945: $? = 0
configure:15952: result: yes
configure:15962: checking for error_at_line
configure:15978: gcc -o conftest -g -O2   -L/lib conftest.c  >&5
configure:15978: $? = 0
configure:15986: result: yes
configure:15999: checking for stdlib.h
configure:15999: result: yes
configure:16009: checking for GNU libc compatible malloc
configure:16033: gcc -o conftest -g -O2   -L/lib conftest.c  >&5
configure:16033: $? = 0
configure:16033: ./conftest
configure:16033: $? = 0
configure:16043: result: yes
configure:16067: checking for gettimeofday
configure:16067: gcc -o conftest -g -O2   -L/lib conftest.c  >&5
configure:16067: $? = 0
configure:16067: result: yes
configure:16067: checking for sqrt
configure:16067: gcc -o conftest -g -O2   -L/lib conftest.c  >&5
conftest.c:56: warning: conflicting types for built-in function 'sqrt'
/tmp/cca9A37R.o: In function `main':
/home/mike/libqc/rysq/conftest.c:67: undefined reference to `sqrt'
collect2: ld returned 1 exit status
configure:16067: $? = 1
configure: failed program was:
| /* confdefs.h */
| #define PACKAGE_NAME "librysq"
| #define PACKAGE_TARNAME "librysq"
| #define PACKAGE_VERSION "0.1"
| #define PACKAGE_STRING "librysq 0.1"
| #define PACKAGE_BUGREPORT "BUG-REPORT-ADDRESS"
| #define PACKAGE_URL ""
| #define PACKAGE "librysq"
| #define VERSION "0.1"
| #define STDC_HEADERS 1
| #define HAVE_SYS_TYPES_H 1
| #define HAVE_SYS_STAT_H 1
| #define HAVE_STDLIB_H 1
| #define HAVE_STRING_H 1
| #define HAVE_MEMORY_H 1
| #define HAVE_STRINGS_H 1
| #define HAVE_INTTYPES_H 1
| #define HAVE_STDINT_H 1
| #define HAVE_UNISTD_H 1
| #define HAVE_DLFCN_H 1
| #define LT_OBJDIR ".libs/"
| #define STDC_HEADERS 1
| #define HAVE_STDINT_H 1
| #define HAVE_STDLIB_H 1
| #define HAVE_SYS_TIME_H 1
| #define HAVE__BOOL 1
| #define HAVE_STDBOOL_H 1
| #define TIME_WITH_SYS_TIME 1
| #define HAVE_STDLIB_H 1
| #define HAVE_MALLOC 1
| #define HAVE_GETTIMEOFDAY 1
| /* end confdefs.h.  */
| /* Define sqrt to an innocuous variant, in case <limits.h> declares sqrt.
|    For example, HP-UX 11i <limits.h> declares gettimeofday.  */
| #define sqrt innocuous_sqrt
| 
| /* System header to define __stub macros and hopefully few prototypes,
|     which can conflict with char sqrt (); below.
|     Prefer <limits.h> to <assert.h> if __STDC__ is defined, since
|     <limits.h> exists even on freestanding compilers.  */
| 
| #ifdef __STDC__
| # include <limits.h>
| #else
| # include <assert.h>
| #endif
| 
| #undef sqrt
| 
| /* Override any GCC internal prototype to avoid an error.
|    Use char because int might match the return type of a GCC
|    builtin and then its argument prototype would still apply.  */
| #ifdef __cplusplus
| extern "C"
| #endif
| char sqrt ();
| /* The GNU C library defines this for functions which it implements
|     to always fail with ENOSYS.  Some functions are actually named
|     something starting with __ and the normal name is an alias.  */
| #if defined __stub_sqrt || defined __stub___sqrt
| choke me
| #endif
| 
| int
| main ()
| {
| return sqrt ();
|   ;
|   return 0;
| }
configure:16067: result: no
configure:16194: checking for nvcc
configure:16212: found /usr/local/cuda/bin/nvcc
configure:16224: result: /usr/local/cuda/bin/nvcc
configure:16243: checking where CUDA is installed
configure:16303: result: /usr/local/cuda/bin/..
configure:16315: checking dependency style of /usr/local/cuda/bin/nvcc
configure:16423: result: nvcc
configure:16451: checking for nvcc
configure:16481: result: /usr/local/cuda/bin/nvcc
configure:16619: checking dependency style of /usr/local/cuda/bin/nvcc
configure:16727: result: nvcc
configure:16876: checking for /usr/local/cuda/bin/nvcc option to produce PIC
configure:17154: result: -Xcompiler -fPIC
configure:17163: checking if /usr/local/cuda/bin/nvcc PIC flag -Xcompiler -fPIC works
configure:17181: /usr/local/cuda/bin/nvcc -c -g -O2  -Xcompiler -fPIC conftest.cu >&5
configure:17185: $? = 0
configure:17198: result: yes
configure:17219: checking if /usr/local/cuda/bin/nvcc static flag -Xcompiler -static works
conftest.cu(1): warning: variable "a" was declared but never referenced

conftest.cu(1): warning: variable "a" was declared but never referenced

configure:17247: result: yes
configure:17259: checking if /usr/local/cuda/bin/nvcc supports -c -o file.o
configure:17280: /usr/local/cuda/bin/nvcc -c -g -O2  -o out/conftest2.o conftest.cu >&5
configure:17284: $? = 0
configure:17306: result: yes
configure:17311: checking if /usr/local/cuda/bin/nvcc supports -c -o file.o
configure:17358: result: yes
configure:17388: checking whether the /usr/local/cuda/bin/nvcc linker (/usr/bin/ld -m elf_x86_64) supports shared libraries
configure:18374: result: yes
configure:18511: checking how to hardcode library paths into programs
configure:18536: result: immediate
configure:19045: checking for doxygen
configure:19078: result: no
configure:19098: WARNING: doxygen not found - will not generate any doxygen documentation
configure:19151: checking for perl
configure:19169: found /usr/bin/perl
configure:19181: result: /usr/bin/perl
configure:20948: checking for boostlib >= 1.20.0
configure:21002: g++ -c -O2 -DNDEBUG -msse3 -ffast-math -ftree-vectorize  -I/opt/boost/include conftest.cpp >&5
configure:21002: $? = 0
configure:21004: result: yes
configure:21543: creating ./config.status

## ---------------------- ##
## Running config.status. ##
## ---------------------- ##

This file was extended by librysq config.status 0.1, which was
generated by GNU Autoconf 2.64.  Invocation command line was

  CONFIG_FILES    = 
  CONFIG_HEADERS  = 
  CONFIG_LINKS    = 
  CONFIG_COMMANDS = 
  $ ./config.status 

on dynamo.iprt.iastate.edu

config.status:1290: creating Makefile
config.status:1290: creating src/Makefile
config.status:1290: creating src/roots/Makefile
config.status:1290: creating src/kernel/Makefile
config.status:1290: creating src/bindings/Makefile
config.status:1290: creating src/externals/Makefile
config.status:1290: creating src/cuda/Makefile
config.status:1290: creating src/cuda/kernel/Makefile
config.status:1290: creating src/rysq/Makefile
config.status:1290: creating src/rysq/config.hpp
config.status:1290: creating config/config.h
config.status:1467: config/config.h is unchanged
config.status:1515: executing depfiles commands
config.status:1515: executing libtool commands

## ---------------- ##
## Cache variables. ##
## ---------------- ##

ac_cv_build=x86_64-unknown-linux-gnu
ac_cv_c_compiler_gnu=yes
ac_cv_c_const=yes
ac_cv_c_inline=inline
ac_cv_c_int8_t=yes
ac_cv_cxx_compiler_gnu=yes
ac_cv_env_CCC_set=
ac_cv_env_CCC_value=
ac_cv_env_CC_set=
ac_cv_env_CC_value=
ac_cv_env_CFLAGS_set=
ac_cv_env_CFLAGS_value=
ac_cv_env_CPPFLAGS_set=set
ac_cv_env_CPPFLAGS_value=
ac_cv_env_CPP_set=
ac_cv_env_CPP_value=
ac_cv_env_CUDAFLAGS_set=
ac_cv_env_CUDAFLAGS_value=
ac_cv_env_CUDA_ROOT_set=
ac_cv_env_CUDA_ROOT_value=
ac_cv_env_CUDA_set=
ac_cv_env_CUDA_value=
ac_cv_env_CXXCPP_set=
ac_cv_env_CXXCPP_value=
ac_cv_env_CXXFLAGS_set=set
ac_cv_env_CXXFLAGS_value='-O2 -DNDEBUG -msse3 -ffast-math -ftree-vectorize'
ac_cv_env_CXX_set=set
ac_cv_env_CXX_value=g++
ac_cv_env_DOXYGEN_PAPER_SIZE_set=
ac_cv_env_DOXYGEN_PAPER_SIZE_value=
ac_cv_env_LDFLAGS_set=set
ac_cv_env_LDFLAGS_value=' -L/lib'
ac_cv_env_LIBS_set=
ac_cv_env_LIBS_value=
ac_cv_env_build_alias_set=
ac_cv_env_build_alias_value=
ac_cv_env_host_alias_set=
ac_cv_env_host_alias_value=
ac_cv_env_target_alias_set=
ac_cv_env_target_alias_value=
ac_cv_func_gettimeofday=yes
ac_cv_func_malloc_0_nonnull=yes
ac_cv_func_sqrt=no
ac_cv_header_dlfcn_h=yes
ac_cv_header_inttypes_h=yes
ac_cv_header_memory_h=yes
ac_cv_header_stdbool_h=yes
ac_cv_header_stdc=yes
ac_cv_header_stdint_h=yes
ac_cv_header_stdlib_h=yes
ac_cv_header_string_h=yes
ac_cv_header_strings_h=yes
ac_cv_header_sys_stat_h=yes
ac_cv_header_sys_time_h=yes
ac_cv_header_sys_types_h=yes
ac_cv_header_time=yes
ac_cv_header_unistd_h=yes
ac_cv_host=x86_64-unknown-linux-gnu
ac_cv_lib_error_at_line=yes
ac_cv_objext=o
ac_cv_path_CUDA=/usr/local/cuda/bin/nvcc
ac_cv_path_EGREP='/bin/grep -E'
ac_cv_path_FGREP='/bin/grep -F'
ac_cv_path_GREP=/bin/grep
ac_cv_path_SED=/bin/sed
ac_cv_path_ac_pt_DX_PERL=/usr/bin/perl
ac_cv_path_install='/usr/bin/install -c'
ac_cv_path_mkdir=/bin/mkdir
ac_cv_prog_AWK=gawk
ac_cv_prog_CHEETAH=cheetah
ac_cv_prog_CPP='gcc -E'
ac_cv_prog_CXXCPP='g++ -E'
ac_cv_prog_ac_ct_AR=ar
ac_cv_prog_ac_ct_CC=gcc
ac_cv_prog_ac_ct_OBJDUMP=objdump
ac_cv_prog_ac_ct_RANLIB=ranlib
ac_cv_prog_ac_ct_STRIP=strip
ac_cv_prog_cc_c89=
ac_cv_prog_cc_g=yes
ac_cv_prog_cxx_g=yes
ac_cv_prog_make_make_set=yes
ac_cv_type__Bool=yes
ac_cv_type_size_t=yes
am_cv_CC_dependencies_compiler_type=gcc3
am_cv_CUDA_dependencies_compiler_type=nvcc
am_cv_CXX_dependencies_compiler_type=gcc3
lt_cv_deplibs_check_method=pass_all
lt_cv_file_magic_cmd='$MAGIC_CMD'
lt_cv_file_magic_test_file=
lt_cv_ld_reload_flag=-r
lt_cv_nm_interface='BSD nm'
lt_cv_objdir=.libs
lt_cv_path_LD=/usr/bin/ld
lt_cv_path_LDCXX='/usr/bin/ld -m elf_x86_64'
lt_cv_path_NM='/usr/bin/nm -B'
lt_cv_prog_compiler_c_o=yes
lt_cv_prog_compiler_c_o_CUDA=yes
lt_cv_prog_compiler_c_o_CXX=yes
lt_cv_prog_compiler_pic_works=yes
lt_cv_prog_compiler_pic_works_CUDA=yes
lt_cv_prog_compiler_pic_works_CXX=yes
lt_cv_prog_compiler_rtti_exceptions=no
lt_cv_prog_compiler_static_works=yes
lt_cv_prog_compiler_static_works_CUDA=yes
lt_cv_prog_compiler_static_works_CXX=yes
lt_cv_prog_gnu_ld=yes
lt_cv_prog_gnu_ldcxx=yes
lt_cv_sys_global_symbol_pipe='sed -n -e '\''s/^.*[	 ]\([ABCDGIRSTW][ABCDGIRSTW]*\)[	 ][	 ]*\([_A-Za-z][_A-Za-z0-9]*\)$/\1 \2 \2/p'\'''
lt_cv_sys_global_symbol_to_c_name_address='sed -n -e '\''s/^: \([^ ]*\) $/  {\"\1\", (void *) 0},/p'\'' -e '\''s/^[ABCDGIRSTW]* \([^ ]*\) \([^ ]*\)$/  {"\2", (void *) \&\2},/p'\'''
lt_cv_sys_global_symbol_to_c_name_address_lib_prefix='sed -n -e '\''s/^: \([^ ]*\) $/  {\"\1\", (void *) 0},/p'\'' -e '\''s/^[ABCDGIRSTW]* \([^ ]*\) \(lib[^ ]*\)$/  {"\2", (void *) \&\2},/p'\'' -e '\''s/^[ABCDGIRSTW]* \([^ ]*\) \([^ ]*\)$/  {"lib\2", (void *) \&\2},/p'\'''
lt_cv_sys_global_symbol_to_cdecl='sed -n -e '\''s/^T .* \(.*\)$/extern int \1();/p'\'' -e '\''s/^[ABCDGIRSTW]* .* \(.*\)$/extern char \1;/p'\'''
lt_cv_sys_max_cmd_len=98304

## ----------------- ##
## Output variables. ##
## ----------------- ##

ACLOCAL='${SHELL} /home/mike/libqc/rysq/config/missing --run aclocal-1.11'
AMDEPBACKSLASH='\'
AMDEP_FALSE='#'
AMDEP_TRUE=''
AMTAR='${SHELL} /home/mike/libqc/rysq/config/missing --run tar'
AM_CPPFLAGS=' -I/opt/boost/include -I$(top_srcdir)/src/externals'
AM_LDFLAGS=''
AR='ar'
AUTOCONF='${SHELL} /home/mike/libqc/rysq/config/missing --run autoconf'
AUTOHEADER='${SHELL} /home/mike/libqc/rysq/config/missing --run autoheader'
AUTOMAKE='${SHELL} /home/mike/libqc/rysq/config/missing --run automake-1.11'
AWK='gawk'
BOOST_CPPFLAGS='-I/opt/boost/include'
BOOST_LDFLAGS='-L/opt/boost/lib'
CC='gcc'
CCDEPMODE='depmode=gcc3'
CFLAGS='-g -O2'
CHEETAH='cheetah'
CPP='gcc -E'
CPPFLAGS=''
CUDA='/usr/local/cuda/bin/nvcc'
CUDADEPMODE='depmode=nvcc'
CUDAFLAGS=' -arch=sm_13'
CUDA_ROOT='/usr/local/cuda/bin/..'
CXX='g++'
CXXCPP='g++ -E'
CXXDEPMODE='depmode=gcc3'
CXXFLAGS='-O2 -DNDEBUG -msse3 -ffast-math -ftree-vectorize'
CYGPATH_W='echo'
DEFS='-DHAVE_CONFIG_H'
DEPDIR='.deps'
DOXYGEN_PAPER_SIZE=''
DSYMUTIL=''
DUMPBIN=''
DX_COND_chi_FALSE=''
DX_COND_chi_TRUE='#'
DX_COND_chm_FALSE=''
DX_COND_chm_TRUE='#'
DX_COND_doc_FALSE=''
DX_COND_doc_TRUE='#'
DX_COND_dot_FALSE=''
DX_COND_dot_TRUE='#'
DX_COND_html_FALSE=''
DX_COND_html_TRUE='#'
DX_COND_latex_FALSE=''
DX_COND_latex_TRUE='#'
DX_COND_man_FALSE=''
DX_COND_man_TRUE='#'
DX_COND_pdf_FALSE=''
DX_COND_pdf_TRUE='#'
DX_COND_ps_FALSE=''
DX_COND_ps_TRUE='#'
DX_COND_rtf_FALSE=''
DX_COND_rtf_TRUE='#'
DX_COND_xml_FALSE=''
DX_COND_xml_TRUE='#'
DX_CONFIG='doc/Doxyfile'
DX_DOCDIR='doc'
DX_DOT=''
DX_DOXYGEN=''
DX_DVIPS=''
DX_EGREP=''
DX_ENV=' SRCDIR='\''.'\'' PROJECT='\''librysq'\'' DOCDIR='\''doc'\'' VERSION='\''0.1'\'' HAVE_DOT='\''NO'\'' GENERATE_MAN='\''NO'\'' GENERATE_RTF='\''NO'\'' GENERATE_XML='\''NO'\'' GENERATE_HTMLHELP='\''NO'\'' GENERATE_CHI='\''NO'\'' GENERATE_HTML='\''NO'\'' GENERATE_LATEX='\''NO'\'''
DX_FLAG_chi='0'
DX_FLAG_chm='0'
DX_FLAG_doc='0'
DX_FLAG_dot='0'
DX_FLAG_html='0'
DX_FLAG_man='0'
DX_FLAG_pdf='0'
DX_FLAG_ps='0'
DX_FLAG_rtf='0'
DX_FLAG_xml='0'
DX_HHC=''
DX_LATEX=''
DX_MAKEINDEX=''
DX_PDFLATEX=''
DX_PERL='/usr/bin/perl'
DX_PROJECT='librysq'
ECHO_C=''
ECHO_N='-n'
ECHO_T=''
EGREP='/bin/grep -E'
EXEEXT=''
FGREP='/bin/grep -F'
FLYMAKE_CPPFLAGS='$(DEFAULT_INCLUDES) $(INCLUDES) $(AM_CPPFLAGS) $(CPPFLAGS) $(AM_CXXFLAGS) $(CXXFLAGS) -I /usr/local/cuda/bin/../include'
GREP='/bin/grep'
HAVE_CUDA='1'
HAVE_CUDA_FALSE='#'
HAVE_CUDA_TRUE=''
INSTALL_DATA='${INSTALL} -m 644'
INSTALL_PROGRAM='${INSTALL}'
INSTALL_SCRIPT='${INSTALL}'
INSTALL_STRIP_PROGRAM='$(install_sh) -c -s'
LD='/usr/bin/ld -m elf_x86_64'
LDFLAGS=' -L/lib'
LIBOBJS=''
LIBS=''
LIBTOOL='$(SHELL) $(top_builddir)/libtool'
LIPO=''
LN_S='ln -s'
LTLIBOBJS=''
MAKEINFO='${SHELL} /home/mike/libqc/rysq/config/missing --run makeinfo'
MKDIR_P='/bin/mkdir -p'
NM='/usr/bin/nm -B'
NMEDIT=''
OBJDUMP='objdump'
OBJEXT='o'
OTOOL64=''
OTOOL=''
PACKAGE='librysq'
PACKAGE_BUGREPORT='BUG-REPORT-ADDRESS'
PACKAGE_NAME='librysq'
PACKAGE_STRING='librysq 0.1'
PACKAGE_TARNAME='librysq'
PACKAGE_URL=''
PACKAGE_VERSION='0.1'
PATH_SEPARATOR=':'
RANLIB='ranlib'
RYSQ_DISABLE_SP='no'
RYSQ_ENABLE_LMAX='3'
RYSQ_WITH_FORTRAN_FALSE='#'
RYSQ_WITH_FORTRAN_TRUE=''
RYSQ_WITH_GAMESS_FALSE='#'
RYSQ_WITH_GAMESS_TRUE=''
RYSQ_WITH_KERNEL_BLOCK='10'
SED='/bin/sed'
SET_MAKE=''
SHELL='/bin/sh'
STRIP='strip'
VERSION='0.1'
ac_ct_CC='gcc'
ac_ct_CXX=''
ac_ct_DUMPBIN=''
am__EXEEXT_FALSE=''
am__EXEEXT_TRUE='#'
am__fastdepCC_FALSE='#'
am__fastdepCC_TRUE=''
am__fastdepCUDA_FALSE=''
am__fastdepCUDA_TRUE='#'
am__fastdepCXX_FALSE='#'
am__fastdepCXX_TRUE=''
am__include='include'
am__isrc=''
am__leading_dot='.'
am__quote=''
am__tar='${AMTAR} chof - "$$tardir"'
am__untar='${AMTAR} xf -'
bindir='${exec_prefix}/bin'
build='x86_64-unknown-linux-gnu'
build_alias=''
build_cpu='x86_64'
build_os='linux-gnu'
build_vendor='unknown'
datadir='${datarootdir}'
datarootdir='${prefix}/share'
docdir='${datarootdir}/doc/${PACKAGE_TARNAME}'
dvidir='${docdir}'
exec_prefix='${prefix}'
host='x86_64-unknown-linux-gnu'
host_alias=''
host_cpu='x86_64'
host_os='linux-gnu'
host_vendor='unknown'
htmldir='${docdir}'
includedir='${prefix}/include'
infodir='${datarootdir}/info'
install_sh='${SHELL} /home/mike/libqc/rysq/config/install-sh'
libdir='${exec_prefix}/lib'
libexecdir='${exec_prefix}/libexec'
localedir='${datarootdir}/locale'
localstatedir='${prefix}/var'
lt_ECHO='echo'
mandir='${datarootdir}/man'
mkdir_p='/bin/mkdir -p'
oldincludedir='/usr/include'
pdfdir='${docdir}'
prefix='/home/mike/libqc'
program_transform_name='s,x,x,'
psdir='${docdir}'
sbindir='${exec_prefix}/sbin'
sharedstatedir='${prefix}/com'
sysconfdir='${prefix}/etc'
target_alias=''

## ------------------- ##
## File substitutions. ##
## ------------------- ##

CUDAXX_HPP='./src/externals/cuda/cudaxx.hpp'

## ----------- ##
## confdefs.h. ##
## ----------- ##

/* confdefs.h */
#define PACKAGE_NAME "librysq"
#define PACKAGE_TARNAME "librysq"
#define PACKAGE_VERSION "0.1"
#define PACKAGE_STRING "librysq 0.1"
#define PACKAGE_BUGREPORT "BUG-REPORT-ADDRESS"
#define PACKAGE_URL ""
#define PACKAGE "librysq"
#define VERSION "0.1"
#define STDC_HEADERS 1
#define HAVE_SYS_TYPES_H 1
#define HAVE_SYS_STAT_H 1
#define HAVE_STDLIB_H 1
#define HAVE_STRING_H 1
#define HAVE_MEMORY_H 1
#define HAVE_STRINGS_H 1
#define HAVE_INTTYPES_H 1
#define HAVE_STDINT_H 1
#define HAVE_UNISTD_H 1
#define HAVE_DLFCN_H 1
#define LT_OBJDIR ".libs/"
#define STDC_HEADERS 1
#define HAVE_STDINT_H 1
#define HAVE_STDLIB_H 1
#define HAVE_SYS_TIME_H 1
#define HAVE__BOOL 1
#define HAVE_STDBOOL_H 1
#define TIME_WITH_SYS_TIME 1
#define HAVE_STDLIB_H 1
#define HAVE_MALLOC 1
#define HAVE_GETTIMEOFDAY 1
#define HAVE_CUDA 1
#define HAVE_BOOST /**/
#define RYSQ_WITH_INT2D_BLOCK 1024
#define RYSQ_WITH_INTEGER8 1

configure: exit 0
